[07-Mar-2017 08:21:14 UTC] PHP Fatal error:  Class 'msqli' not found in /home/ubuntu/workspace/db/connect.php on line 5
[07-Mar-2017 08:21:15 UTC] PHP Stack trace:
[07-Mar-2017 08:21:15 UTC] PHP   1. {main}() /home/ubuntu/workspace/jeccu/userAdd.php:0
[07-Mar-2017 08:21:15 UTC] PHP   2. require() /home/ubuntu/workspace/jeccu/userAdd.php:3
[07-Mar-2017 08:22:03 UTC] PHP Fatal error:  Class 'msqli' not found in /home/ubuntu/workspace/db/connect.php on line 5
[07-Mar-2017 08:22:03 UTC] PHP Stack trace:
[07-Mar-2017 08:22:03 UTC] PHP   1. {main}() /home/ubuntu/workspace/jeccu/userAdd.php:0
[07-Mar-2017 08:22:03 UTC] PHP   2. require() /home/ubuntu/workspace/jeccu/userAdd.php:3
[07-Mar-2017 09:46:03 UTC] PHP Warning:  mysqli::mysqli(): (HY000/1045): Access denied for user 'hene'@'localhost' (using password: YES) in /home/ubuntu/workspace/db/connect.php on line 12
[07-Mar-2017 09:46:03 UTC] PHP Stack trace:
[07-Mar-2017 09:46:03 UTC] PHP   1. {main}() /home/ubuntu/workspace/jeccu/userAdd.php:0
[07-Mar-2017 09:46:03 UTC] PHP   2. require() /home/ubuntu/workspace/jeccu/userAdd.php:3
[07-Mar-2017 09:46:03 UTC] PHP   3. mysqli->mysqli() /home/ubuntu/workspace/db/connect.php:12
[07-Mar-2017 10:07:53 UTC] PHP Fatal error:  Call to undefined method mysqli_stmt::save_results() in /home/ubuntu/workspace/jeccu/userAdd.php on line 12
[07-Mar-2017 10:07:53 UTC] PHP Stack trace:
[07-Mar-2017 10:07:53 UTC] PHP   1. {main}() /home/ubuntu/workspace/jeccu/userAdd.php:0
[07-Mar-2017 10:42:43 UTC] PHP Fatal error:  Call to undefined method mysqli_stmt::fetch_array() in /home/ubuntu/workspace/jeccu/userLogin.php on line 25
[07-Mar-2017 10:42:43 UTC] PHP Stack trace:
[07-Mar-2017 10:42:43 UTC] PHP   1. {main}() /home/ubuntu/workspace/jeccu/userLogin.php:0
[07-Mar-2017 10:44:49 UTC] PHP Fatal error:  Call to undefined method mysqli_stmt::fetch_array() in /home/ubuntu/workspace/jeccu/userLogin.php on line 25
[07-Mar-2017 10:44:49 UTC] PHP Stack trace:
[07-Mar-2017 10:44:49 UTC] PHP   1. {main}() /home/ubuntu/workspace/jeccu/userLogin.php:0
[07-Mar-2017 10:45:10 UTC] PHP Fatal error:  Call to undefined method mysqli_stmt::fetch_array() in /home/ubuntu/workspace/jeccu/userLogin.php on line 25
[07-Mar-2017 10:45:10 UTC] PHP Stack trace:
[07-Mar-2017 10:45:10 UTC] PHP   1. {main}() /home/ubuntu/workspace/jeccu/userLogin.php:0
[07-Mar-2017 10:46:19 UTC] PHP Parse error:  syntax error, unexpected '{' in /home/ubuntu/workspace/jeccu/userLogin.php on line 25
[07-Mar-2017 10:46:33 UTC] PHP Fatal error:  Call to undefined method mysqli_stmt::fetch_array() in /home/ubuntu/workspace/jeccu/userLogin.php on line 25
[07-Mar-2017 10:46:33 UTC] PHP Stack trace:
[07-Mar-2017 10:46:33 UTC] PHP   1. {main}() /home/ubuntu/workspace/jeccu/userLogin.php:0
[09-Mar-2017 08:27:10 UTC] PHP Fatal error:  Cannot pass parameter 4 by reference in /home/ubuntu/workspace/jeccu/userAdd.php on line 94
[09-Mar-2017 08:27:10 UTC] PHP Stack trace:
[09-Mar-2017 08:27:10 UTC] PHP   1. {main}() /home/ubuntu/workspace/jeccu/userAdd.php:0
[09-Mar-2017 08:29:18 UTC] PHP Fatal error:  Cannot pass parameter 4 by reference in /home/ubuntu/workspace/jeccu/userAdd.php on line 95
[09-Mar-2017 08:29:18 UTC] PHP Stack trace:
[09-Mar-2017 08:29:18 UTC] PHP   1. {main}() /home/ubuntu/workspace/jeccu/userAdd.php:0
[09-Mar-2017 08:31:27 UTC] PHP Fatal error:  Cannot pass parameter 4 by reference in /home/ubuntu/workspace/jeccu/userAdd.php on line 144
[09-Mar-2017 08:31:27 UTC] PHP Stack trace:
[09-Mar-2017 08:31:27 UTC] PHP   1. {main}() /home/ubuntu/workspace/jeccu/userAdd.php:0
[09-Mar-2017 08:44:36 UTC] PHP Fatal error:  Cannot pass parameter 4 by reference in /home/ubuntu/workspace/jeccu/userAdd.php on line 146
[09-Mar-2017 08:44:36 UTC] PHP Stack trace:
[09-Mar-2017 08:44:36 UTC] PHP   1. {main}() /home/ubuntu/workspace/jeccu/userAdd.php:0
[09-Mar-2017 15:26:27 UTC] PHP Notice:  Undefined index: role in /home/ubuntu/workspace/jeccu/userAdd.php on line 24
[09-Mar-2017 15:26:27 UTC] PHP Warning:  mysqli_stmt::bind_param(): Number of elements in type definition string doesn't match number of bind variables in /home/ubuntu/workspace/jeccu/userAdd.php on line 91
[09-Mar-2017 15:36:05 UTC] PHP Notice:  Undefined index: role in /home/ubuntu/workspace/jeccu/userAdd.php on line 24
[09-Mar-2017 15:36:06 UTC] PHP Warning:  mysqli_stmt::bind_param(): Number of elements in type definition string doesn't match number of bind variables in /home/ubuntu/workspace/jeccu/userAdd.php on line 91
[09-Mar-2017 15:38:35 UTC] PHP Notice:  Undefined index: role in /home/ubuntu/workspace/jeccu/userAdd.php on line 24
[09-Mar-2017 19:22:10 UTC] PHP Notice:  Undefined index: role in /home/ubuntu/workspace/jeccu/userAdd.php on line 24
[09-Mar-2017 19:24:27 UTC] PHP Notice:  Undefined index: role in /home/ubuntu/workspace/jeccu/userAdd.php on line 24
[09-Mar-2017 19:31:32 UTC] PHP Fatal error:  Uncaught Error: Call to undefined function console_log() in /home/ubuntu/workspace/jeccu/userLogin.php:18
Stack trace:
#0 {main}
  thrown in /home/ubuntu/workspace/jeccu/userLogin.php on line 18
[10-Mar-2017 13:05:22 UTC] PHP Notice:  Undefined index: role in /home/ubuntu/workspace/jeccu/userAdd.php on line 24
[10-Mar-2017 15:38:15 UTC] PHP Notice:  Undefined index: role in /home/ubuntu/workspace/jeccu/userAdd.php on line 25
[12-Mar-2017 13:04:28 UTC] PHP Notice:  Only variables should be passed by reference in /home/ubuntu/workspace/jeccu/userAdd_2.php on line 27
[12-Mar-2017 13:04:28 UTC] PHP Notice:  Only variables should be passed by reference in /home/ubuntu/workspace/jeccu/userAdd_2.php on line 27
[12-Mar-2017 17:34:04 UTC] PHP Notice:  Only variables should be passed by reference in /home/ubuntu/workspace/jeccu/userAdd_2.php on line 27
[12-Mar-2017 17:34:04 UTC] PHP Notice:  Only variables should be passed by reference in /home/ubuntu/workspace/jeccu/userAdd_2.php on line 27
[12-Mar-2017 17:34:19 UTC] PHP Notice:  Undefined index: registerPassword in /home/ubuntu/workspace/jeccu/userAdd_3.php on line 24
[14-Mar-2017 08:25:02 UTC] PHP Notice:  Only variables should be passed by reference in /home/ubuntu/workspace/jeccu/userAdd_2.php on line 27
[14-Mar-2017 08:25:02 UTC] PHP Notice:  Only variables should be passed by reference in /home/ubuntu/workspace/jeccu/userAdd_2.php on line 27
[14-Mar-2017 09:00:00 UTC] PHP Notice:  Only variables should be passed by reference in /home/ubuntu/workspace/jeccu/userAdd_2.php on line 27
[14-Mar-2017 09:00:00 UTC] PHP Notice:  Only variables should be passed by reference in /home/ubuntu/workspace/jeccu/userAdd_2.php on line 27
[14-Mar-2017 09:00:24 UTC] PHP Notice:  Only variables should be passed by reference in /home/ubuntu/workspace/jeccu/userAdd_2.php on line 27
[14-Mar-2017 09:00:24 UTC] PHP Notice:  Only variables should be passed by reference in /home/ubuntu/workspace/jeccu/userAdd_2.php on line 27
[14-Mar-2017 09:00:55 UTC] PHP Notice:  Only variables should be passed by reference in /home/ubuntu/workspace/jeccu/userAdd_2.php on line 27
[14-Mar-2017 09:00:55 UTC] PHP Notice:  Only variables should be passed by reference in /home/ubuntu/workspace/jeccu/userAdd_2.php on line 27
[14-Mar-2017 09:01:19 UTC] PHP Notice:  Only variables should be passed by reference in /home/ubuntu/workspace/jeccu/userAdd_2.php on line 27
[14-Mar-2017 09:01:19 UTC] PHP Notice:  Only variables should be passed by reference in /home/ubuntu/workspace/jeccu/userAdd_2.php on line 27
[14-Mar-2017 09:01:47 UTC] PHP Notice:  Only variables should be passed by reference in /home/ubuntu/workspace/jeccu/userAdd_2.php on line 27
[14-Mar-2017 09:01:47 UTC] PHP Notice:  Only variables should be passed by reference in /home/ubuntu/workspace/jeccu/userAdd_2.php on line 27
[14-Mar-2017 09:03:03 UTC] PHP Notice:  Only variables should be passed by reference in /home/ubuntu/workspace/jeccu/userAdd_2.php on line 27
[14-Mar-2017 09:03:03 UTC] PHP Notice:  Only variables should be passed by reference in /home/ubuntu/workspace/jeccu/userAdd_2.php on line 27
[14-Mar-2017 09:04:01 UTC] PHP Notice:  Only variables should be passed by reference in /home/ubuntu/workspace/jeccu/userAdd_2.php on line 27
[14-Mar-2017 09:04:01 UTC] PHP Notice:  Only variables should be passed by reference in /home/ubuntu/workspace/jeccu/userAdd_2.php on line 27
[14-Mar-2017 09:35:52 UTC] PHP Notice:  Only variables should be passed by reference in /home/ubuntu/workspace/jeccu/userAdd_2.php on line 27
[14-Mar-2017 09:35:52 UTC] PHP Notice:  Only variables should be passed by reference in /home/ubuntu/workspace/jeccu/userAdd_2.php on line 27
[14-Mar-2017 09:36:59 UTC] PHP Notice:  Only variables should be passed by reference in /home/ubuntu/workspace/jeccu/userAdd_2.php on line 27
[14-Mar-2017 09:36:59 UTC] PHP Notice:  Only variables should be passed by reference in /home/ubuntu/workspace/jeccu/userAdd_2.php on line 27
[14-Mar-2017 09:37:26 UTC] PHP Notice:  Only variables should be passed by reference in /home/ubuntu/workspace/jeccu/userAdd_2.php on line 27
[14-Mar-2017 09:37:26 UTC] PHP Notice:  Only variables should be passed by reference in /home/ubuntu/workspace/jeccu/userAdd_2.php on line 27
[21-Mar-2017 10:25:17 Europe/Helsinki] PHP Fatal error:  Uncaught Error: Call to a member function add() on boolean in /home/ubuntu/workspace/jeccu/doctor_addtimes.php:10
Stack trace:
#0 {main}
  thrown in /home/ubuntu/workspace/jeccu/doctor_addtimes.php on line 10
[21-Mar-2017 10:27:12 Europe/Helsinki] PHP Fatal error:  Uncaught Error: Call to a member function add() on boolean in /home/ubuntu/workspace/jeccu/doctor_addtimes.php:10
Stack trace:
#0 {main}
  thrown in /home/ubuntu/workspace/jeccu/doctor_addtimes.php on line 10
[21-Mar-2017 10:27:23 Europe/Helsinki] PHP Fatal error:  Uncaught Error: Call to a member function add() on boolean in /home/ubuntu/workspace/jeccu/doctor_addtimes.php:10
Stack trace:
#0 {main}
  thrown in /home/ubuntu/workspace/jeccu/doctor_addtimes.php on line 10
[21-Mar-2017 10:27:27 Europe/Helsinki] PHP Fatal error:  Uncaught Error: Call to a member function add() on boolean in /home/ubuntu/workspace/jeccu/doctor_addtimes.php:10
Stack trace:
#0 {main}
  thrown in /home/ubuntu/workspace/jeccu/doctor_addtimes.php on line 10
[21-Mar-2017 10:27:30 Europe/Helsinki] PHP Fatal error:  Uncaught Error: Call to a member function add() on boolean in /home/ubuntu/workspace/jeccu/doctor_addtimes.php:10
Stack trace:
#0 {main}
  thrown in /home/ubuntu/workspace/jeccu/doctor_addtimes.php on line 10
[21-Mar-2017 10:31:42 Europe/Helsinki] PHP Fatal error:  Uncaught Error: Call to a member function add() on boolean in /home/ubuntu/workspace/jeccu/doctor_addtimes.php:10
Stack trace:
#0 {main}
  thrown in /home/ubuntu/workspace/jeccu/doctor_addtimes.php on line 10
[21-Mar-2017 10:32:14 Europe/Helsinki] PHP Fatal error:  Uncaught Error: Call to a member function add() on boolean in /home/ubuntu/workspace/jeccu/doctor_addtimes.php:10
Stack trace:
#0 {main}
  thrown in /home/ubuntu/workspace/jeccu/doctor_addtimes.php on line 10
[21-Mar-2017 10:33:58 Europe/Helsinki] PHP Fatal error:  Uncaught Error: Call to a member function add() on boolean in /home/ubuntu/workspace/jeccu/doctor_addtimes.php:10
Stack trace:
#0 {main}
  thrown in /home/ubuntu/workspace/jeccu/doctor_addtimes.php on line 10
[21-Mar-2017 10:35:08 Europe/Helsinki] PHP Fatal error:  Uncaught Error: Call to a member function add() on boolean in /home/ubuntu/workspace/jeccu/doctor_addtimes.php:10
Stack trace:
#0 {main}
  thrown in /home/ubuntu/workspace/jeccu/doctor_addtimes.php on line 10
[21-Mar-2017 10:35:15 Europe/Helsinki] PHP Fatal error:  Uncaught Error: Call to a member function add() on boolean in /home/ubuntu/workspace/jeccu/doctor_addtimes.php:10
Stack trace:
#0 {main}
  thrown in /home/ubuntu/workspace/jeccu/doctor_addtimes.php on line 10
[21-Mar-2017 10:36:25 Europe/Helsinki] PHP Fatal error:  Uncaught Error: Call to a member function add() on boolean in /home/ubuntu/workspace/jeccu/doctor_addtimes.php:10
Stack trace:
#0 {main}
  thrown in /home/ubuntu/workspace/jeccu/doctor_addtimes.php on line 10
[21-Mar-2017 10:36:49 Europe/Helsinki] PHP Fatal error:  Uncaught Error: Call to a member function add() on boolean in /home/ubuntu/workspace/jeccu/doctor_addtimes.php:10
Stack trace:
#0 {main}
  thrown in /home/ubuntu/workspace/jeccu/doctor_addtimes.php on line 10
[21-Mar-2017 10:41:44 Europe/Helsinki] PHP Fatal error:  Uncaught Error: Call to a member function add() on boolean in /home/ubuntu/workspace/jeccu/doctor_addtimes.php:13
Stack trace:
#0 {main}
  thrown in /home/ubuntu/workspace/jeccu/doctor_addtimes.php on line 13
[21-Mar-2017 10:41:58 Europe/Helsinki] PHP Fatal error:  Uncaught Error: Call to a member function add() on boolean in /home/ubuntu/workspace/jeccu/doctor_addtimes.php:13
Stack trace:
#0 {main}
  thrown in /home/ubuntu/workspace/jeccu/doctor_addtimes.php on line 13
[21-Mar-2017 10:42:37 Europe/Helsinki] PHP Fatal error:  Uncaught Error: Call to a member function add() on boolean in /home/ubuntu/workspace/jeccu/doctor_addtimes.php:13
Stack trace:
#0 {main}
  thrown in /home/ubuntu/workspace/jeccu/doctor_addtimes.php on line 13
[21-Mar-2017 10:42:40 Europe/Helsinki] PHP Fatal error:  Uncaught Error: Call to a member function add() on boolean in /home/ubuntu/workspace/jeccu/doctor_addtimes.php:13
Stack trace:
#0 {main}
  thrown in /home/ubuntu/workspace/jeccu/doctor_addtimes.php on line 13
[21-Mar-2017 10:51:51 Europe/Helsinki] PHP Fatal error:  Uncaught Error: Call to undefined method mysqli::bind_param() in /home/ubuntu/workspace/jeccu/doctor_addtimes.php:27
Stack trace:
#0 {main}
  thrown in /home/ubuntu/workspace/jeccu/doctor_addtimes.php on line 27
[21-Mar-2017 10:54:38 Europe/Helsinki] PHP Fatal error:  Uncaught Error: Call to undefined method mysqli::bind_param() in /home/ubuntu/workspace/jeccu/doctor_addtimes.php:26
Stack trace:
#0 {main}
  thrown in /home/ubuntu/workspace/jeccu/doctor_addtimes.php on line 26
[21-Mar-2017 10:57:59 Europe/Helsinki] PHP Fatal error:  Uncaught Error: Call to undefined method mysqli::bind_param() in /home/ubuntu/workspace/jeccu/doctor_addtimes.php:26
Stack trace:
#0 {main}
  thrown in /home/ubuntu/workspace/jeccu/doctor_addtimes.php on line 26
[21-Mar-2017 10:58:19 Europe/Helsinki] PHP Fatal error:  Uncaught Error: Call to undefined method mysqli::bind_param() in /home/ubuntu/workspace/jeccu/doctor_addtimes.php:26
Stack trace:
#0 {main}
  thrown in /home/ubuntu/workspace/jeccu/doctor_addtimes.php on line 26
[21-Mar-2017 11:00:53 Europe/Helsinki] PHP Fatal error:  Uncaught Error: Call to undefined method mysqli::bind_param() in /home/ubuntu/workspace/jeccu/doctor_addtimes.php:26
Stack trace:
#0 {main}
  thrown in /home/ubuntu/workspace/jeccu/doctor_addtimes.php on line 26
[21-Mar-2017 11:02:54 Europe/Helsinki] PHP Fatal error:  Uncaught Error: Call to undefined method mysqli::bind_param() in /home/ubuntu/workspace/jeccu/doctor_addtimes.php:26
Stack trace:
#0 {main}
  thrown in /home/ubuntu/workspace/jeccu/doctor_addtimes.php on line 26
[21-Mar-2017 11:09:31 Europe/Helsinki] PHP Fatal error:  Uncaught Error: Call to undefined method mysqli::bind_param() in /home/ubuntu/workspace/jeccu/doctor_addtimes.php:26
Stack trace:
#0 {main}
  thrown in /home/ubuntu/workspace/jeccu/doctor_addtimes.php on line 26
[21-Mar-2017 11:10:24 Europe/Helsinki] PHP Fatal error:  Uncaught Error: Call to undefined method mysqli::bind_param() in /home/ubuntu/workspace/jeccu/doctor_addtimes.php:26
Stack trace:
#0 {main}
  thrown in /home/ubuntu/workspace/jeccu/doctor_addtimes.php on line 26
[21-Mar-2017 11:11:37 Europe/Helsinki] PHP Fatal error:  Uncaught Error: Call to undefined method mysqli::bind_param() in /home/ubuntu/workspace/jeccu/doctor_addtimes.php:28
Stack trace:
#0 {main}
  thrown in /home/ubuntu/workspace/jeccu/doctor_addtimes.php on line 28
[21-Mar-2017 11:12:50 Europe/Helsinki] PHP Fatal error:  Uncaught Error: Call to undefined method mysqli::bind_param() in /home/ubuntu/workspace/jeccu/doctor_addtimes.php:29
Stack trace:
#0 {main}
  thrown in /home/ubuntu/workspace/jeccu/doctor_addtimes.php on line 29
[21-Mar-2017 11:18:44 Europe/Helsinki] PHP Fatal error:  Uncaught Error: Call to undefined method mysqli::bind_param() in /home/ubuntu/workspace/jeccu/doctor_addtimes.php:32
Stack trace:
#0 {main}
  thrown in /home/ubuntu/workspace/jeccu/doctor_addtimes.php on line 32
[21-Mar-2017 13:14:55 Europe/Helsinki] PHP Notice:  Undefined index: startDate in /home/ubuntu/workspace/jeccu/doctor_addtimes.php on line 9
[21-Mar-2017 13:14:55 Europe/Helsinki] PHP Notice:  Undefined index: endDate in /home/ubuntu/workspace/jeccu/doctor_addtimes.php on line 10
[21-Mar-2017 13:14:55 Europe/Helsinki] PHP Notice:  Undefined index: startTime in /home/ubuntu/workspace/jeccu/doctor_addtimes.php on line 11
[21-Mar-2017 13:14:55 Europe/Helsinki] PHP Notice:  Undefined index: endTime in /home/ubuntu/workspace/jeccu/doctor_addtimes.php on line 12
[21-Mar-2017 13:15:00 Europe/Helsinki] PHP Notice:  Undefined index: startDate in /home/ubuntu/workspace/jeccu/doctor_addtimes.php on line 9
[21-Mar-2017 13:15:00 Europe/Helsinki] PHP Notice:  Undefined index: endDate in /home/ubuntu/workspace/jeccu/doctor_addtimes.php on line 10
[21-Mar-2017 13:15:00 Europe/Helsinki] PHP Notice:  Undefined index: startTime in /home/ubuntu/workspace/jeccu/doctor_addtimes.php on line 11
[21-Mar-2017 13:15:00 Europe/Helsinki] PHP Notice:  Undefined index: endTime in /home/ubuntu/workspace/jeccu/doctor_addtimes.php on line 12
[21-Mar-2017 13:18:59 Europe/Helsinki] PHP Fatal error:  Uncaught Error: Call to a member function close() on boolean in /home/ubuntu/workspace/jeccu/doctor_addtimes.php:63
Stack trace:
#0 {main}
  thrown in /home/ubuntu/workspace/jeccu/doctor_addtimes.php on line 63
[28-Mar-2017 17:36:07 Europe/Helsinki] PHP Notice:  Undefined variable: logged in /home/ubuntu/workspace/includes/header.php on line 1
[28-Mar-2017 17:43:57 Europe/Helsinki] PHP Notice:  Undefined index: role in /home/ubuntu/workspace/includes/doctor_addtimesform.php on line 5
[09-Apr-2017 00:33:52 Europe/Helsinki] PHP Warning:  require(jeccu/AvailableTimes.php): failed to open stream: No such file or directory in /home/ubuntu/workspace/includes/customerview.php on line 11
[09-Apr-2017 00:33:52 Europe/Helsinki] PHP Fatal error:  require(): Failed opening required 'jeccu/AvailableTimes.php' (include_path='.:/usr/share/php') in /home/ubuntu/workspace/includes/customerview.php on line 11
[09-Apr-2017 00:34:27 Europe/Helsinki] PHP Warning:  require(jeccu/AvailableTimes.php): failed to open stream: No such file or directory in /home/ubuntu/workspace/includes/customerview.php on line 13
[09-Apr-2017 00:34:27 Europe/Helsinki] PHP Fatal error:  require(): Failed opening required 'jeccu/AvailableTimes.php' (include_path='.:/usr/share/php') in /home/ubuntu/workspace/includes/customerview.php on line 13
[09-Apr-2017 00:35:52 Europe/Helsinki] PHP Warning:  require(jeccu/AvailableTimes.php): failed to open stream: No such file or directory in /home/ubuntu/workspace/includes/customerview.php on line 13
[09-Apr-2017 00:35:52 Europe/Helsinki] PHP Fatal error:  require(): Failed opening required 'jeccu/AvailableTimes.php' (include_path='.:/usr/share/php') in /home/ubuntu/workspace/includes/customerview.php on line 13
[09-Apr-2017 00:36:17 Europe/Helsinki] PHP Warning:  require_once(jeccu/AvailableTimes.php): failed to open stream: No such file or directory in /home/ubuntu/workspace/includes/customerview.php on line 13
[09-Apr-2017 00:36:17 Europe/Helsinki] PHP Fatal error:  require_once(): Failed opening required 'jeccu/AvailableTimes.php' (include_path='.:/usr/share/php') in /home/ubuntu/workspace/includes/customerview.php on line 13
[09-Apr-2017 00:40:14 Europe/Helsinki] PHP Fatal error:  Uncaught Error: Class 'AvailableTimes' not found in /home/ubuntu/workspace/includes/customerview.php:16
Stack trace:
#0 {main}
  thrown in /home/ubuntu/workspace/includes/customerview.php on line 16
[09-Apr-2017 00:41:27 Europe/Helsinki] PHP Warning:  require_once(jeccu/AvailableTimes.php): failed to open stream: No such file or directory in /home/ubuntu/workspace/includes/customerview.php on line 13
[09-Apr-2017 00:41:27 Europe/Helsinki] PHP Fatal error:  require_once(): Failed opening required 'jeccu/AvailableTimes.php' (include_path='.:/usr/share/php') in /home/ubuntu/workspace/includes/customerview.php on line 13
[09-Apr-2017 00:43:44 Europe/Helsinki] PHP Warning:  require_once(jeccu/AvailableTimes.php): failed to open stream: No such file or directory in /home/ubuntu/workspace/includes/customerview.php on line 13
[09-Apr-2017 00:43:44 Europe/Helsinki] PHP Fatal error:  require_once(): Failed opening required 'jeccu/AvailableTimes.php' (include_path='.:/usr/share/php') in /home/ubuntu/workspace/includes/customerview.php on line 13
[09-Apr-2017 00:44:04 Europe/Helsinki] PHP Warning:  require_once(./jeccu/AvailableTimes.php): failed to open stream: No such file or directory in /home/ubuntu/workspace/includes/customerview.php on line 13
[09-Apr-2017 00:44:04 Europe/Helsinki] PHP Fatal error:  require_once(): Failed opening required './jeccu/AvailableTimes.php' (include_path='.:/usr/share/php') in /home/ubuntu/workspace/includes/customerview.php on line 13
[09-Apr-2017 00:52:36 Europe/Helsinki] PHP Warning:  include(test.php): failed to open stream: No such file or directory in /home/ubuntu/workspace/includes/customerview.php on line 17
[09-Apr-2017 00:52:36 Europe/Helsinki] PHP Warning:  include(): Failed opening 'test.php' for inclusion (include_path='.:/usr/share/php') in /home/ubuntu/workspace/includes/customerview.php on line 17
[09-Apr-2017 00:53:45 Europe/Helsinki] PHP Warning:  include(test.php): failed to open stream: No such file or directory in /home/ubuntu/workspace/includes/customerview.php on line 17
[09-Apr-2017 00:53:45 Europe/Helsinki] PHP Warning:  include(): Failed opening 'test.php' for inclusion (include_path='.:/usr/share/php') in /home/ubuntu/workspace/includes/customerview.php on line 17
[09-Apr-2017 00:55:15 Europe/Helsinki] PHP Warning:  include(test.php): failed to open stream: No such file or directory in /home/ubuntu/workspace/includes/customerview.php on line 17
[09-Apr-2017 00:55:15 Europe/Helsinki] PHP Warning:  include(): Failed opening 'test.php' for inclusion (include_path='.:/usr/share/php') in /home/ubuntu/workspace/includes/customerview.php on line 17
[09-Apr-2017 00:55:36 Europe/Helsinki] PHP Warning:  include(test.php): failed to open stream: No such file or directory in /home/ubuntu/workspace/includes/customerview.php on line 17
[09-Apr-2017 00:55:36 Europe/Helsinki] PHP Warning:  include(): Failed opening 'test.php' for inclusion (include_path='.:/usr/share/php') in /home/ubuntu/workspace/includes/customerview.php on line 17
[11-Apr-2017 09:36:16 Europe/Helsinki] PHP Notice:  Only variables should be passed by reference in /home/ubuntu/workspace/jeccu/userAdd_2.php on line 27
[11-Apr-2017 09:36:16 Europe/Helsinki] PHP Notice:  Only variables should be passed by reference in /home/ubuntu/workspace/jeccu/userAdd_2.php on line 27
[14-Apr-2017 16:53:40 Europe/Helsinki] PHP Parse error:  syntax error, unexpected 'exit' (T_EXIT), expecting ',' or ';' in /home/ubuntu/workspace/jeccu/reserveTime.php on line 19
[14-Apr-2017 16:54:38 Europe/Helsinki] PHP Parse error:  syntax error, unexpected 'exit' (T_EXIT), expecting ',' or ';' in /home/ubuntu/workspace/jeccu/reserveTime.php on line 19
[14-Apr-2017 16:57:35 Europe/Helsinki] PHP Parse error:  syntax error, unexpected 'exit' (T_EXIT), expecting ',' or ';' in /home/ubuntu/workspace/jeccu/reserveTime.php on line 19
[14-Apr-2017 16:59:17 Europe/Helsinki] PHP Warning:  require_once(db/connect.php): failed to open stream: No such file or directory in /home/ubuntu/workspace/jeccu/AvailableTimes.php on line 10
[14-Apr-2017 16:59:17 Europe/Helsinki] PHP Fatal error:  require_once(): Failed opening required 'db/connect.php' (include_path='.:/usr/share/php') in /home/ubuntu/workspace/jeccu/AvailableTimes.php on line 10
[14-Apr-2017 17:06:17 Europe/Helsinki] PHP Fatal error:  Uncaught Error: Call to undefined method AvailableTimes::checkTimesStatus() in /home/ubuntu/workspace/jeccu/AvailableTimes.php:101
Stack trace:
#0 /home/ubuntu/workspace/jeccu/reserveTime.php(35): AvailableTimes::reserveTime(477, 1, ' ')
#1 {main}
  thrown in /home/ubuntu/workspace/jeccu/AvailableTimes.php on line 101
[14-Apr-2017 17:06:40 Europe/Helsinki] PHP Notice:  Undefined property: mysqli_stmt::$close in /home/ubuntu/workspace/jeccu/AvailableTimes.php on line 122
[14-Apr-2017 17:21:23 Europe/Helsinki] PHP Fatal error:  Uncaught Error: Call to undefined method AvailableTimes::checkTimesStatus() in /home/ubuntu/workspace/jeccu/AvailableTimes.php:106
Stack trace:
#0 /home/ubuntu/workspace/jeccu/reserveTime.php(35): AvailableTimes::reserveTime(534, 1, 'testi')
#1 {main}
  thrown in /home/ubuntu/workspace/jeccu/AvailableTimes.php on line 106
[14-Apr-2017 17:22:00 Europe/Helsinki] PHP Notice:  Undefined property: mysqli_stmt::$close in /home/ubuntu/workspace/jeccu/AvailableTimes.php on line 127
[14-Apr-2017 17:24:19 Europe/Helsinki] PHP Notice:  Undefined property: mysqli_stmt::$close in /home/ubuntu/workspace/jeccu/AvailableTimes.php on line 127
[15-Apr-2017 13:15:22 Europe/Helsinki] PHP Notice:  Undefined property: mysqli_stmt::$close in /home/ubuntu/workspace/jeccu/AvailableTimes.php on line 127
[15-Apr-2017 16:19:44 Europe/Helsinki] PHP Notice:  Undefined property: mysqli_stmt::$close in /home/ubuntu/workspace/jeccu/AvailableTimes.php on line 126
[15-Apr-2017 20:29:26 Europe/Helsinki] PHP Notice:  Undefined variable: custome in /home/ubuntu/workspace/jeccu/AvailableTimes.php on line 161
[16-Apr-2017 12:56:18 Europe/Helsinki] PHP Fatal error:  Uncaught Error: Class 'AvailableTimes' not found in /home/ubuntu/workspace/jeccu/freeTime.php:18
Stack trace:
#0 {main}
  thrown in /home/ubuntu/workspace/jeccu/freeTime.php on line 18
[16-Apr-2017 12:57:00 Europe/Helsinki] PHP Fatal error:  Uncaught Error: Class 'AvailableTimes' not found in /home/ubuntu/workspace/jeccu/freeTime.php:18
Stack trace:
#0 {main}
  thrown in /home/ubuntu/workspace/jeccu/freeTime.php on line 18
[16-Apr-2017 12:57:00 Europe/Helsinki] PHP Fatal error:  Uncaught Error: Class 'AvailableTimes' not found in /home/ubuntu/workspace/jeccu/freeTime.php:18
Stack trace:
#0 {main}
  thrown in /home/ubuntu/workspace/jeccu/freeTime.php on line 18
[16-Apr-2017 12:57:00 Europe/Helsinki] PHP Fatal error:  Uncaught Error: Class 'AvailableTimes' not found in /home/ubuntu/workspace/jeccu/freeTime.php:18
Stack trace:
#0 {main}
  thrown in /home/ubuntu/workspace/jeccu/freeTime.php on line 18
[16-Apr-2017 12:57:01 Europe/Helsinki] PHP Fatal error:  Uncaught Error: Class 'AvailableTimes' not found in /home/ubuntu/workspace/jeccu/freeTime.php:18
Stack trace:
#0 {main}
  thrown in /home/ubuntu/workspace/jeccu/freeTime.php on line 18
[16-Apr-2017 12:57:02 Europe/Helsinki] PHP Fatal error:  Uncaught Error: Class 'AvailableTimes' not found in /home/ubuntu/workspace/jeccu/freeTime.php:18
Stack trace:
#0 {main}
  thrown in /home/ubuntu/workspace/jeccu/freeTime.php on line 18
[16-Apr-2017 13:10:53 Europe/Helsinki] PHP Fatal error:  Uncaught Error: Class 'AvailableTimes' not found in /home/ubuntu/workspace/jeccu/freeTime.php:19
Stack trace:
#0 {main}
  thrown in /home/ubuntu/workspace/jeccu/freeTime.php on line 19
[16-Apr-2017 13:11:16 Europe/Helsinki] PHP Fatal error:  Uncaught Error: Class 'AvailableTimes' not found in /home/ubuntu/workspace/jeccu/freeTime.php:19
Stack trace:
#0 {main}
  thrown in /home/ubuntu/workspace/jeccu/freeTime.php on line 19
[16-Apr-2017 13:45:41 Europe/Helsinki] PHP Notice:  Undefined property: mysqli_stmt::$close in /home/ubuntu/workspace/jeccu/AvailableTimes.php on line 133
[16-Apr-2017 13:45:58 Europe/Helsinki] PHP Notice:  Undefined property: mysqli_stmt::$close in /home/ubuntu/workspace/jeccu/AvailableTimes.php on line 133
[16-Apr-2017 13:46:16 Europe/Helsinki] PHP Notice:  Undefined property: mysqli_stmt::$close in /home/ubuntu/workspace/jeccu/AvailableTimes.php on line 133
[16-Apr-2017 14:13:22 Europe/Helsinki] PHP Parse error:  syntax error, unexpected '}', expecting ',' or ';' in /home/ubuntu/workspace/jeccu/AvailableTimes.php on line 186
[17-Apr-2017 15:15:46 Europe/Helsinki] PHP Notice:  You have an error in your SQL syntax; check the manual that corresponds to your MySQL server version for the right syntax to use near '0=?)' at line 6 in /home/ubuntu/workspace/jeccu/AvailableTimes.php on line 47
[17-Apr-2017 15:17:54 Europe/Helsinki] PHP Notice:  You have an error in your SQL syntax; check the manual that corresponds to your MySQL server version for the right syntax to use near '0=?)' at line 6 in /home/ubuntu/workspace/jeccu/AvailableTimes.php on line 53
[17-Apr-2017 19:11:53 Europe/Helsinki] PHP Warning:  Illegal string offset 'varausID' in /home/ubuntu/workspace/jeccu/AvailableTimes.php on line 265
[17-Apr-2017 19:11:53 Europe/Helsinki] PHP Warning:  Illegal string offset 'varausID' in /home/ubuntu/workspace/jeccu/AvailableTimes.php on line 265
[17-Apr-2017 19:11:53 Europe/Helsinki] PHP Warning:  Invalid argument supplied for foreach() in /home/ubuntu/workspace/jeccu/AvailableTimes.php on line 267
[17-Apr-2017 19:11:53 Europe/Helsinki] PHP Warning:  Illegal string offset 'varausID' in /home/ubuntu/workspace/jeccu/AvailableTimes.php on line 273
[18-Apr-2017 11:22:12 Europe/Helsinki] PHP Parse error:  syntax error, unexpected '}', expecting ',' or ';' in /home/ubuntu/workspace/jeccu/AvailableTimes.php on line 280
[19-Apr-2017 10:43:03 Europe/Helsinki] PHP Warning:  include(view/databasesForm.php): failed to open stream: No such file or directory in /home/ubuntu/workspace/install/index.php on line 22
[19-Apr-2017 10:43:03 Europe/Helsinki] PHP Warning:  include(): Failed opening 'view/databasesForm.php' for inclusion (include_path='.:/usr/share/php') in /home/ubuntu/workspace/install/index.php on line 22
[28-Apr-2017 09:48:22 Europe/Helsinki] PHP Notice:  Only variables should be passed by reference in /home/ubuntu/workspace/jeccu/userAdd_2.php on line 27
[28-Apr-2017 09:48:22 Europe/Helsinki] PHP Notice:  Only variables should be passed by reference in /home/ubuntu/workspace/jeccu/userAdd_2.php on line 27
[28-Apr-2017 10:05:54 Europe/Helsinki] PHP Notice:  Only variables should be passed by reference in /home/ubuntu/workspace/jeccu/userAdd_2.php on line 27
[28-Apr-2017 10:05:54 Europe/Helsinki] PHP Notice:  Only variables should be passed by reference in /home/ubuntu/workspace/jeccu/userAdd_2.php on line 27
